<?xml version="1.0" encoding="UTF-8"?>
<!-- Generated by org.testng.reporters.JUnitReportReporter -->
<testsuite hostname="DESKTOP-F08UQ08" failures="0" tests="2" name="com.saucedemo.TestClass.TestClass_Verify_Login_functinality" time="5.818" errors="0" timestamp="2023-01-04T12:41:51 IST" skipped="0">
  <testcase classname="com.saucedemo.TestClass.TestClass_Verify_Login_functinality" name="LOginPageFun" time="3.175"/>
  <system-out/>
  <testcase classname="com.saucedemo.TestClass.TestClass_Verify_Login_functinality" name="HomePage" time="2.643"/>
  <system-out/>
</testsuite> <!-- com.saucedemo.TestClass.TestClass_Verify_Login_functinality -->
